2023-03-19T05:12:02+00:00 CRITICAL syntax error, unexpected ';', expecting ')' in D:\PROJECTS\SIDE-PROJECTS\CARKEYS\broombroom\wp-content\themes\carkeys\inc\classes\ClassShortCodes.php on line 11

2023-03-19T05:13:56+00:00 CRITICAL syntax error, unexpected ';', expecting ')' in D:\PROJECTS\SIDE-PROJECTS\CARKEYS\broombroom\wp-content\themes\carkeys\inc\classes\ClassShortCodes.php on line 11

2023-03-19T05:13:56+00:00 CRITICAL syntax error, unexpected ';', expecting ')' in D:\PROJECTS\SIDE-PROJECTS\CARKEYS\broombroom\wp-content\themes\carkeys\inc\classes\ClassShortCodes.php on line 11

2023-03-19T05:14:03+00:00 CRITICAL syntax error, unexpected ';', expecting ')' in D:\PROJECTS\SIDE-PROJECTS\CARKEYS\broombroom\wp-content\themes\carkeys\inc\classes\ClassShortCodes.php on line 11

2023-03-19T05:14:38+00:00 CRITICAL syntax error, unexpected ';', expecting ')' in D:\PROJECTS\SIDE-PROJECTS\CARKEYS\broombroom\wp-content\themes\carkeys\inc\classes\ClassShortCodes.php on line 11

2023-03-19T05:14:58+00:00 CRITICAL Uncaught Error: Class 'CarkeysTheme\wp_query' not found in D:\PROJECTS\SIDE-PROJECTS\CARKEYS\broombroom\wp-content\themes\carkeys\inc\classes\ClassShortCodes.php:98
Stack trace:
#0 D:\PROJECTS\SIDE-PROJECTS\CARKEYS\broombroom\wp-includes\shortcodes.php(355): CarkeysTheme\ClassShortCodes->DpModel('', '', 'select_model')
#1 [internal function]: do_shortcode_tag(Array)
#2 D:\PROJECTS\SIDE-PROJECTS\CARKEYS\broombroom\wp-includes\shortcodes.php(227): preg_replace_callback('/\\[(\\[?)(select...', 'do_shortcode_ta...', '<style>/*! elem...')
#3 D:\PROJECTS\SIDE-PROJECTS\CARKEYS\broombroom\wp-includes\class-wp-hook.php(308): do_shortcode('<style>/*! elem...')
#4 D:\PROJECTS\SIDE-PROJECTS\CARKEYS\broombroom\wp-includes\plugin.php(205): WP_Hook->apply_filters('<style>/*! elem...', Array)
#5 D:\PROJECTS\SIDE-PROJECTS\CARKEYS\broombroom\wp-includes\post-template.php(255): apply_filters('the_content', '<style>/*! elem...')
#6 D:\PROJECTS\SIDE-PROJECTS\CARKEYS\broombroom\wp-content\themes\carkeys\page.php(13): the_content() in D:\PROJECTS\SIDE-PROJECTS\CARKEYS\broombroom\wp-content\themes\carkeys\inc\classes\ClassShortCodes.php on line 98

2023-03-19T05:16:24+00:00 CRITICAL Uncaught Error: Class 'CarkeysTheme\wp_query' not found in D:\PROJECTS\SIDE-PROJECTS\CARKEYS\broombroom\wp-content\themes\carkeys\inc\classes\ClassShortCodes.php:98
Stack trace:
#0 D:\PROJECTS\SIDE-PROJECTS\CARKEYS\broombroom\wp-includes\shortcodes.php(355): CarkeysTheme\ClassShortCodes->DpModel('', '', 'select_model')
#1 [internal function]: do_shortcode_tag(Array)
#2 D:\PROJECTS\SIDE-PROJECTS\CARKEYS\broombroom\wp-includes\shortcodes.php(227): preg_replace_callback('/\\[(\\[?)(select...', 'do_shortcode_ta...', '<style>/*! elem...')
#3 D:\PROJECTS\SIDE-PROJECTS\CARKEYS\broombroom\wp-includes\class-wp-hook.php(308): do_shortcode('<style>/*! elem...')
#4 D:\PROJECTS\SIDE-PROJECTS\CARKEYS\broombroom\wp-includes\plugin.php(205): WP_Hook->apply_filters('<style>/*! elem...', Array)
#5 D:\PROJECTS\SIDE-PROJECTS\CARKEYS\broombroom\wp-includes\post-template.php(255): apply_filters('the_content', '<style>/*! elem...')
#6 D:\PROJECTS\SIDE-PROJECTS\CARKEYS\broombroom\wp-content\themes\carkeys\page.php(13): the_content() in D:\PROJECTS\SIDE-PROJECTS\CARKEYS\broombroom\wp-content\themes\carkeys\inc\classes\ClassShortCodes.php on line 98

2023-03-19T05:16:38+00:00 CRITICAL Uncaught Error: Class 'CarkeysTheme\wp_query' not found in D:\PROJECTS\SIDE-PROJECTS\CARKEYS\broombroom\wp-content\themes\carkeys\inc\classes\ClassShortCodes.php:98
Stack trace:
#0 D:\PROJECTS\SIDE-PROJECTS\CARKEYS\broombroom\wp-includes\shortcodes.php(355): CarkeysTheme\ClassShortCodes->DpModel('', '', 'select_model')
#1 [internal function]: do_shortcode_tag(Array)
#2 D:\PROJECTS\SIDE-PROJECTS\CARKEYS\broombroom\wp-includes\shortcodes.php(227): preg_replace_callback('/\\[(\\[?)(select...', 'do_shortcode_ta...', '<style>/*! elem...')
#3 D:\PROJECTS\SIDE-PROJECTS\CARKEYS\broombroom\wp-includes\class-wp-hook.php(308): do_shortcode('<style>/*! elem...')
#4 D:\PROJECTS\SIDE-PROJECTS\CARKEYS\broombroom\wp-includes\plugin.php(205): WP_Hook->apply_filters('<style>/*! elem...', Array)
#5 D:\PROJECTS\SIDE-PROJECTS\CARKEYS\broombroom\wp-includes\rest-api\endpoints\class-wp-rest-posts-controller.php(1857): apply_filters('the_content', '<style>/*! elem...')
#6 D:\PROJECTS\SIDE-PROJECTS\CARKEYS\broombroom\wp-includes\rest in D:\PROJECTS\SIDE-PROJECTS\CARKEYS\broombroom\wp-content\themes\carkeys\inc\classes\ClassShortCodes.php on line 98

2023-03-19T05:16:52+00:00 CRITICAL Uncaught Error: Class 'CarkeysTheme\wp_query' not found in D:\PROJECTS\SIDE-PROJECTS\CARKEYS\broombroom\wp-content\themes\carkeys\inc\classes\ClassShortCodes.php:98
Stack trace:
#0 D:\PROJECTS\SIDE-PROJECTS\CARKEYS\broombroom\wp-includes\shortcodes.php(355): CarkeysTheme\ClassShortCodes->DpModel('', '', 'select_model')
#1 [internal function]: do_shortcode_tag(Array)
#2 D:\PROJECTS\SIDE-PROJECTS\CARKEYS\broombroom\wp-includes\shortcodes.php(227): preg_replace_callback('/\\[(\\[?)(select...', 'do_shortcode_ta...', '<style>/*! elem...')
#3 D:\PROJECTS\SIDE-PROJECTS\CARKEYS\broombroom\wp-includes\class-wp-hook.php(308): do_shortcode('<style>/*! elem...')
#4 D:\PROJECTS\SIDE-PROJECTS\CARKEYS\broombroom\wp-includes\plugin.php(205): WP_Hook->apply_filters('<style>/*! elem...', Array)
#5 D:\PROJECTS\SIDE-PROJECTS\CARKEYS\broombroom\wp-includes\rest-api\endpoints\class-wp-rest-posts-controller.php(1857): apply_filters('the_content', '<style>/*! elem...')
#6 D:\PROJECTS\SIDE-PROJECTS\CARKEYS\broombroom\wp-includes\rest in D:\PROJECTS\SIDE-PROJECTS\CARKEYS\broombroom\wp-content\themes\carkeys\inc\classes\ClassShortCodes.php on line 98

2023-03-19T05:22:11+00:00 CRITICAL Uncaught Error: Call to undefined function is_front() in D:\PROJECTS\SIDE-PROJECTS\CARKEYS\broombroom\wp-content\themes\carkeys\page.php:10
Stack trace:
#0 D:\PROJECTS\SIDE-PROJECTS\CARKEYS\broombroom\wp-includes\template-loader.php(106): include()
#1 D:\PROJECTS\SIDE-PROJECTS\CARKEYS\broombroom\wp-blog-header.php(19): require_once('D:\\PROJECTS\\SID...')
#2 D:\PROJECTS\SIDE-PROJECTS\CARKEYS\broombroom\index.php(17): require('D:\\PROJECTS\\SID...')
#3 {main}
  thrown in D:\PROJECTS\SIDE-PROJECTS\CARKEYS\broombroom\wp-content\themes\carkeys\page.php on line 10

2023-03-19T05:48:35+00:00 CRITICAL syntax error, unexpected '}' in D:\PROJECTS\SIDE-PROJECTS\CARKEYS\broombroom\wp-content\themes\carkeys\inc\classes\ClassCustomBlocks.php on line 12

2023-03-19T05:48:43+00:00 CRITICAL syntax error, unexpected '}' in D:\PROJECTS\SIDE-PROJECTS\CARKEYS\broombroom\wp-content\themes\carkeys\inc\classes\ClassCustomBlocks.php on line 12

2023-03-19T05:49:02+00:00 CRITICAL syntax error, unexpected '}' in D:\PROJECTS\SIDE-PROJECTS\CARKEYS\broombroom\wp-content\themes\carkeys\inc\classes\ClassCustomBlocks.php on line 12

2023-03-19T05:59:35+00:00 CRITICAL Uncaught Error: Call to undefined function carbon_get_post_meta() in D:\PROJECTS\SIDE-PROJECTS\CARKEYS\broombroom\wp-content\themes\carkeys\single.php:4
Stack trace:
#0 D:\PROJECTS\SIDE-PROJECTS\CARKEYS\broombroom\wp-includes\template-loader.php(106): include()
#1 D:\PROJECTS\SIDE-PROJECTS\CARKEYS\broombroom\wp-blog-header.php(19): require_once('D:\\PROJECTS\\SID...')
#2 D:\PROJECTS\SIDE-PROJECTS\CARKEYS\broombroom\index.php(17): require('D:\\PROJECTS\\SID...')
#3 {main}
  thrown in D:\PROJECTS\SIDE-PROJECTS\CARKEYS\broombroom\wp-content\themes\carkeys\single.php on line 4

2023-03-19T06:28:41+00:00 CRITICAL syntax error, unexpected ';', expecting ')' in D:\PROJECTS\SIDE-PROJECTS\CARKEYS\broombroom\wp-content\themes\carkeys\inc\classes\ClassProducts.php on line 11

2023-03-19T06:28:46+00:00 CRITICAL syntax error, unexpected ';', expecting ')' in D:\PROJECTS\SIDE-PROJECTS\CARKEYS\broombroom\wp-content\themes\carkeys\inc\classes\ClassProducts.php on line 11

2023-03-19T06:28:50+00:00 CRITICAL syntax error, unexpected ';', expecting ')' in D:\PROJECTS\SIDE-PROJECTS\CARKEYS\broombroom\wp-content\themes\carkeys\inc\classes\ClassProducts.php on line 11

2023-03-19T06:28:50+00:00 CRITICAL syntax error, unexpected ';', expecting ')' in D:\PROJECTS\SIDE-PROJECTS\CARKEYS\broombroom\wp-content\themes\carkeys\inc\classes\ClassProducts.php on line 11

2023-03-19T06:28:50+00:00 CRITICAL syntax error, unexpected ';', expecting ')' in D:\PROJECTS\SIDE-PROJECTS\CARKEYS\broombroom\wp-content\themes\carkeys\inc\classes\ClassProducts.php on line 11

2023-03-19T06:28:55+00:00 CRITICAL syntax error, unexpected ';', expecting ')' in D:\PROJECTS\SIDE-PROJECTS\CARKEYS\broombroom\wp-content\themes\carkeys\inc\classes\ClassProducts.php on line 11

2023-03-19T06:38:20+00:00 CRITICAL syntax error, unexpected 'Block' (T_STRING) in D:\PROJECTS\SIDE-PROJECTS\CARKEYS\broombroom\wp-content\themes\carkeys\inc\classes\ClassCustomBlocks.php on line 25

2023-03-19T06:38:29+00:00 CRITICAL syntax error, unexpected 'Block' (T_STRING) in D:\PROJECTS\SIDE-PROJECTS\CARKEYS\broombroom\wp-content\themes\carkeys\inc\classes\ClassCustomBlocks.php on line 25

2023-03-19T07:18:48+00:00 CRITICAL syntax error, unexpected 'public' (T_PUBLIC) in D:\PROJECTS\SIDE-PROJECTS\CARKEYS\broombroom\wp-content\themes\carkeys\inc\classes\ClassTheme.php on line 79

2023-03-19T07:18:49+00:00 CRITICAL syntax error, unexpected 'public' (T_PUBLIC) in D:\PROJECTS\SIDE-PROJECTS\CARKEYS\broombroom\wp-content\themes\carkeys\inc\classes\ClassTheme.php on line 79

2023-03-19T07:18:49+00:00 CRITICAL syntax error, unexpected 'public' (T_PUBLIC) in D:\PROJECTS\SIDE-PROJECTS\CARKEYS\broombroom\wp-content\themes\carkeys\inc\classes\ClassTheme.php on line 79

2023-03-19T07:18:50+00:00 CRITICAL syntax error, unexpected 'public' (T_PUBLIC) in D:\PROJECTS\SIDE-PROJECTS\CARKEYS\broombroom\wp-content\themes\carkeys\inc\classes\ClassTheme.php on line 79

2023-03-19T07:20:07+00:00 CRITICAL syntax error, unexpected '}', expecting variable (T_VARIABLE) or '{' or '$' in D:\PROJECTS\SIDE-PROJECTS\CARKEYS\broombroom\wp-content\themes\carkeys\inc\classes\ClassTheme.php on line 77

2023-03-19T07:20:15+00:00 CRITICAL syntax error, unexpected '}', expecting ';' in D:\PROJECTS\SIDE-PROJECTS\CARKEYS\broombroom\wp-content\themes\carkeys\inc\classes\ClassTheme.php on line 79

2023-03-19T07:20:15+00:00 CRITICAL syntax error, unexpected '}', expecting ';' in D:\PROJECTS\SIDE-PROJECTS\CARKEYS\broombroom\wp-content\themes\carkeys\inc\classes\ClassTheme.php on line 79

2023-03-19T07:20:15+00:00 CRITICAL syntax error, unexpected '}', expecting ';' in D:\PROJECTS\SIDE-PROJECTS\CARKEYS\broombroom\wp-content\themes\carkeys\inc\classes\ClassTheme.php on line 79

2023-03-19T07:25:16+00:00 CRITICAL Uncaught Error: Class 'ShortCodes' not found in D:\PROJECTS\SIDE-PROJECTS\CARKEYS\broombroom\wp-content\themes\carkeys\functions.php:16
Stack trace:
#0 D:\PROJECTS\SIDE-PROJECTS\CARKEYS\broombroom\wp-settings.php(585): include()
#1 D:\PROJECTS\SIDE-PROJECTS\CARKEYS\broombroom\wp-config.php(96): require_once('D:\\PROJECTS\\SID...')
#2 D:\PROJECTS\SIDE-PROJECTS\CARKEYS\broombroom\wp-load.php(50): require_once('D:\\PROJECTS\\SID...')
#3 D:\PROJECTS\SIDE-PROJECTS\CARKEYS\broombroom\wp-admin\admin-ajax.php(22): require_once('D:\\PROJECTS\\SID...')
#4 {main}
  thrown in D:\PROJECTS\SIDE-PROJECTS\CARKEYS\broombroom\wp-content\themes\carkeys\functions.php on line 16

2023-03-19T07:25:20+00:00 CRITICAL Uncaught Error: Class 'ShortCodes' not found in D:\PROJECTS\SIDE-PROJECTS\CARKEYS\broombroom\wp-content\themes\carkeys\functions.php:16
Stack trace:
#0 D:\PROJECTS\SIDE-PROJECTS\CARKEYS\broombroom\wp-settings.php(585): include()
#1 D:\PROJECTS\SIDE-PROJECTS\CARKEYS\broombroom\wp-config.php(96): require_once('D:\\PROJECTS\\SID...')
#2 D:\PROJECTS\SIDE-PROJECTS\CARKEYS\broombroom\wp-load.php(50): require_once('D:\\PROJECTS\\SID...')
#3 D:\PROJECTS\SIDE-PROJECTS\CARKEYS\broombroom\wp-admin\admin.php(34): require_once('D:\\PROJECTS\\SID...')
#4 D:\PROJECTS\SIDE-PROJECTS\CARKEYS\broombroom\wp-admin\post.php(12): require_once('D:\\PROJECTS\\SID...')
#5 {main}
  thrown in D:\PROJECTS\SIDE-PROJECTS\CARKEYS\broombroom\wp-content\themes\carkeys\functions.php on line 16

2023-03-19T07:25:20+00:00 CRITICAL Uncaught Error: Class 'ShortCodes' not found in D:\PROJECTS\SIDE-PROJECTS\CARKEYS\broombroom\wp-content\themes\carkeys\functions.php:16
Stack trace:
#0 D:\PROJECTS\SIDE-PROJECTS\CARKEYS\broombroom\wp-settings.php(585): include()
#1 D:\PROJECTS\SIDE-PROJECTS\CARKEYS\broombroom\wp-config.php(96): require_once('D:\\PROJECTS\\SID...')
#2 D:\PROJECTS\SIDE-PROJECTS\CARKEYS\broombroom\wp-load.php(50): require_once('D:\\PROJECTS\\SID...')
#3 D:\PROJECTS\SIDE-PROJECTS\CARKEYS\broombroom\wp-admin\admin-ajax.php(22): require_once('D:\\PROJECTS\\SID...')
#4 {main}
  thrown in D:\PROJECTS\SIDE-PROJECTS\CARKEYS\broombroom\wp-content\themes\carkeys\functions.php on line 16

2023-03-19T07:25:20+00:00 CRITICAL Uncaught Error: Class 'ShortCodes' not found in D:\PROJECTS\SIDE-PROJECTS\CARKEYS\broombroom\wp-content\themes\carkeys\functions.php:16
Stack trace:
#0 D:\PROJECTS\SIDE-PROJECTS\CARKEYS\broombroom\wp-settings.php(585): include()
#1 D:\PROJECTS\SIDE-PROJECTS\CARKEYS\broombroom\wp-config.php(96): require_once('D:\\PROJECTS\\SID...')
#2 D:\PROJECTS\SIDE-PROJECTS\CARKEYS\broombroom\wp-load.php(50): require_once('D:\\PROJECTS\\SID...')
#3 D:\PROJECTS\SIDE-PROJECTS\CARKEYS\broombroom\wp-blog-header.php(13): require_once('D:\\PROJECTS\\SID...')
#4 D:\PROJECTS\SIDE-PROJECTS\CARKEYS\broombroom\index.php(17): require('D:\\PROJECTS\\SID...')
#5 {main}
  thrown in D:\PROJECTS\SIDE-PROJECTS\CARKEYS\broombroom\wp-content\themes\carkeys\functions.php on line 16

2023-03-19T07:29:34+00:00 CRITICAL Uncaught Error: Class 'ClassCustomBlocks' not found in D:\PROJECTS\SIDE-PROJECTS\CARKEYS\broombroom\wp-content\themes\carkeys\functions.php:17
Stack trace:
#0 D:\PROJECTS\SIDE-PROJECTS\CARKEYS\broombroom\wp-settings.php(585): include()
#1 D:\PROJECTS\SIDE-PROJECTS\CARKEYS\broombroom\wp-config.php(96): require_once('D:\\PROJECTS\\SID...')
#2 D:\PROJECTS\SIDE-PROJECTS\CARKEYS\broombroom\wp-load.php(50): require_once('D:\\PROJECTS\\SID...')
#3 D:\PROJECTS\SIDE-PROJECTS\CARKEYS\broombroom\wp-admin\admin-ajax.php(22): require_once('D:\\PROJECTS\\SID...')
#4 {main}
  thrown in D:\PROJECTS\SIDE-PROJECTS\CARKEYS\broombroom\wp-content\themes\carkeys\functions.php on line 17

2023-03-19T07:29:41+00:00 CRITICAL Uncaught Error: Class 'ClassCustomBlocks' not found in D:\PROJECTS\SIDE-PROJECTS\CARKEYS\broombroom\wp-content\themes\carkeys\functions.php:17
Stack trace:
#0 D:\PROJECTS\SIDE-PROJECTS\CARKEYS\broombroom\wp-settings.php(585): include()
#1 D:\PROJECTS\SIDE-PROJECTS\CARKEYS\broombroom\wp-config.php(96): require_once('D:\\PROJECTS\\SID...')
#2 D:\PROJECTS\SIDE-PROJECTS\CARKEYS\broombroom\wp-load.php(50): require_once('D:\\PROJECTS\\SID...')
#3 D:\PROJECTS\SIDE-PROJECTS\CARKEYS\broombroom\wp-admin\admin.php(34): require_once('D:\\PROJECTS\\SID...')
#4 D:\PROJECTS\SIDE-PROJECTS\CARKEYS\broombroom\wp-admin\post.php(12): require_once('D:\\PROJECTS\\SID...')
#5 {main}
  thrown in D:\PROJECTS\SIDE-PROJECTS\CARKEYS\broombroom\wp-content\themes\carkeys\functions.php on line 17

2023-03-19T07:29:41+00:00 CRITICAL Uncaught Error: Class 'ClassCustomBlocks' not found in D:\PROJECTS\SIDE-PROJECTS\CARKEYS\broombroom\wp-content\themes\carkeys\functions.php:17
Stack trace:
#0 D:\PROJECTS\SIDE-PROJECTS\CARKEYS\broombroom\wp-settings.php(585): include()
#1 D:\PROJECTS\SIDE-PROJECTS\CARKEYS\broombroom\wp-config.php(96): require_once('D:\\PROJECTS\\SID...')
#2 D:\PROJECTS\SIDE-PROJECTS\CARKEYS\broombroom\wp-load.php(50): require_once('D:\\PROJECTS\\SID...')
#3 D:\PROJECTS\SIDE-PROJECTS\CARKEYS\broombroom\wp-admin\admin-ajax.php(22): require_once('D:\\PROJECTS\\SID...')
#4 {main}
  thrown in D:\PROJECTS\SIDE-PROJECTS\CARKEYS\broombroom\wp-content\themes\carkeys\functions.php on line 17

2023-03-19T07:29:41+00:00 CRITICAL Uncaught Error: Class 'ClassCustomBlocks' not found in D:\PROJECTS\SIDE-PROJECTS\CARKEYS\broombroom\wp-content\themes\carkeys\functions.php:17
Stack trace:
#0 D:\PROJECTS\SIDE-PROJECTS\CARKEYS\broombroom\wp-settings.php(585): include()
#1 D:\PROJECTS\SIDE-PROJECTS\CARKEYS\broombroom\wp-config.php(96): require_once('D:\\PROJECTS\\SID...')
#2 D:\PROJECTS\SIDE-PROJECTS\CARKEYS\broombroom\wp-load.php(50): require_once('D:\\PROJECTS\\SID...')
#3 D:\PROJECTS\SIDE-PROJECTS\CARKEYS\broombroom\wp-blog-header.php(13): require_once('D:\\PROJECTS\\SID...')
#4 D:\PROJECTS\SIDE-PROJECTS\CARKEYS\broombroom\index.php(17): require('D:\\PROJECTS\\SID...')
#5 {main}
  thrown in D:\PROJECTS\SIDE-PROJECTS\CARKEYS\broombroom\wp-content\themes\carkeys\functions.php on line 17

2023-03-19T07:29:52+00:00 CRITICAL Uncaught Error: Class 'ClassCustomBlocks' not found in D:\PROJECTS\SIDE-PROJECTS\CARKEYS\broombroom\wp-content\themes\carkeys\functions.php:17
Stack trace:
#0 D:\PROJECTS\SIDE-PROJECTS\CARKEYS\broombroom\wp-settings.php(585): include()
#1 D:\PROJECTS\SIDE-PROJECTS\CARKEYS\broombroom\wp-config.php(96): require_once('D:\\PROJECTS\\SID...')
#2 D:\PROJECTS\SIDE-PROJECTS\CARKEYS\broombroom\wp-load.php(50): require_once('D:\\PROJECTS\\SID...')
#3 D:\PROJECTS\SIDE-PROJECTS\CARKEYS\broombroom\wp-admin\admin.php(34): require_once('D:\\PROJECTS\\SID...')
#4 D:\PROJECTS\SIDE-PROJECTS\CARKEYS\broombroom\wp-admin\post.php(12): require_once('D:\\PROJECTS\\SID...')
#5 {main}
  thrown in D:\PROJECTS\SIDE-PROJECTS\CARKEYS\broombroom\wp-content\themes\carkeys\functions.php on line 17

2023-03-19T07:29:52+00:00 CRITICAL Uncaught Error: Class 'ClassCustomBlocks' not found in D:\PROJECTS\SIDE-PROJECTS\CARKEYS\broombroom\wp-content\themes\carkeys\functions.php:17
Stack trace:
#0 D:\PROJECTS\SIDE-PROJECTS\CARKEYS\broombroom\wp-settings.php(585): include()
#1 D:\PROJECTS\SIDE-PROJECTS\CARKEYS\broombroom\wp-config.php(96): require_once('D:\\PROJECTS\\SID...')
#2 D:\PROJECTS\SIDE-PROJECTS\CARKEYS\broombroom\wp-load.php(50): require_once('D:\\PROJECTS\\SID...')
#3 D:\PROJECTS\SIDE-PROJECTS\CARKEYS\broombroom\wp-blog-header.php(13): require_once('D:\\PROJECTS\\SID...')
#4 D:\PROJECTS\SIDE-PROJECTS\CARKEYS\broombroom\index.php(17): require('D:\\PROJECTS\\SID...')
#5 {main}
  thrown in D:\PROJECTS\SIDE-PROJECTS\CARKEYS\broombroom\wp-content\themes\carkeys\functions.php on line 17

2023-03-19T07:30:06+00:00 CRITICAL Uncaught Error: Class 'ClassCustomBlocks' not found in D:\PROJECTS\SIDE-PROJECTS\CARKEYS\broombroom\wp-content\themes\carkeys\functions.php:17
Stack trace:
#0 D:\PROJECTS\SIDE-PROJECTS\CARKEYS\broombroom\wp-settings.php(585): include()
#1 D:\PROJECTS\SIDE-PROJECTS\CARKEYS\broombroom\wp-config.php(96): require_once('D:\\PROJECTS\\SID...')
#2 D:\PROJECTS\SIDE-PROJECTS\CARKEYS\broombroom\wp-load.php(50): require_once('D:\\PROJECTS\\SID...')
#3 D:\PROJECTS\SIDE-PROJECTS\CARKEYS\broombroom\wp-admin\admin.php(34): require_once('D:\\PROJECTS\\SID...')
#4 D:\PROJECTS\SIDE-PROJECTS\CARKEYS\broombroom\wp-admin\post.php(12): require_once('D:\\PROJECTS\\SID...')
#5 {main}
  thrown in D:\PROJECTS\SIDE-PROJECTS\CARKEYS\broombroom\wp-content\themes\carkeys\functions.php on line 17

2023-03-19T07:30:07+00:00 CRITICAL Uncaught Error: Class 'ClassCustomBlocks' not found in D:\PROJECTS\SIDE-PROJECTS\CARKEYS\broombroom\wp-content\themes\carkeys\functions.php:17
Stack trace:
#0 D:\PROJECTS\SIDE-PROJECTS\CARKEYS\broombroom\wp-settings.php(585): include()
#1 D:\PROJECTS\SIDE-PROJECTS\CARKEYS\broombroom\wp-config.php(96): require_once('D:\\PROJECTS\\SID...')
#2 D:\PROJECTS\SIDE-PROJECTS\CARKEYS\broombroom\wp-load.php(50): require_once('D:\\PROJECTS\\SID...')
#3 D:\PROJECTS\SIDE-PROJECTS\CARKEYS\broombroom\wp-blog-header.php(13): require_once('D:\\PROJECTS\\SID...')
#4 D:\PROJECTS\SIDE-PROJECTS\CARKEYS\broombroom\index.php(17): require('D:\\PROJECTS\\SID...')
#5 {main}
  thrown in D:\PROJECTS\SIDE-PROJECTS\CARKEYS\broombroom\wp-content\themes\carkeys\functions.php on line 17

2023-03-19T07:30:38+00:00 CRITICAL Uncaught Error: Class 'ClassCustomBlocks' not found in D:\PROJECTS\SIDE-PROJECTS\CARKEYS\broombroom\wp-content\themes\carkeys\functions.php:17
Stack trace:
#0 D:\PROJECTS\SIDE-PROJECTS\CARKEYS\broombroom\wp-settings.php(585): include()
#1 D:\PROJECTS\SIDE-PROJECTS\CARKEYS\broombroom\wp-config.php(96): require_once('D:\\PROJECTS\\SID...')
#2 D:\PROJECTS\SIDE-PROJECTS\CARKEYS\broombroom\wp-load.php(50): require_once('D:\\PROJECTS\\SID...')
#3 D:\PROJECTS\SIDE-PROJECTS\CARKEYS\broombroom\wp-admin\admin.php(34): require_once('D:\\PROJECTS\\SID...')
#4 D:\PROJECTS\SIDE-PROJECTS\CARKEYS\broombroom\wp-admin\post.php(12): require_once('D:\\PROJECTS\\SID...')
#5 {main}
  thrown in D:\PROJECTS\SIDE-PROJECTS\CARKEYS\broombroom\wp-content\themes\carkeys\functions.php on line 17

2023-03-19T07:30:38+00:00 CRITICAL Uncaught Error: Class 'ClassCustomBlocks' not found in D:\PROJECTS\SIDE-PROJECTS\CARKEYS\broombroom\wp-content\themes\carkeys\functions.php:17
Stack trace:
#0 D:\PROJECTS\SIDE-PROJECTS\CARKEYS\broombroom\wp-settings.php(585): include()
#1 D:\PROJECTS\SIDE-PROJECTS\CARKEYS\broombroom\wp-config.php(96): require_once('D:\\PROJECTS\\SID...')
#2 D:\PROJECTS\SIDE-PROJECTS\CARKEYS\broombroom\wp-load.php(50): require_once('D:\\PROJECTS\\SID...')
#3 D:\PROJECTS\SIDE-PROJECTS\CARKEYS\broombroom\wp-blog-header.php(13): require_once('D:\\PROJECTS\\SID...')
#4 D:\PROJECTS\SIDE-PROJECTS\CARKEYS\broombroom\index.php(17): require('D:\\PROJECTS\\SID...')
#5 {main}
  thrown in D:\PROJECTS\SIDE-PROJECTS\CARKEYS\broombroom\wp-content\themes\carkeys\functions.php on line 17

2023-03-19T07:30:46+00:00 CRITICAL Uncaught Error: Class 'ClassCustomBlocks' not found in D:\PROJECTS\SIDE-PROJECTS\CARKEYS\broombroom\wp-content\themes\carkeys\functions.php:17
Stack trace:
#0 D:\PROJECTS\SIDE-PROJECTS\CARKEYS\broombroom\wp-settings.php(585): include()
#1 D:\PROJECTS\SIDE-PROJECTS\CARKEYS\broombroom\wp-config.php(96): require_once('D:\\PROJECTS\\SID...')
#2 D:\PROJECTS\SIDE-PROJECTS\CARKEYS\broombroom\wp-load.php(50): require_once('D:\\PROJECTS\\SID...')
#3 D:\PROJECTS\SIDE-PROJECTS\CARKEYS\broombroom\wp-admin\admin.php(34): require_once('D:\\PROJECTS\\SID...')
#4 D:\PROJECTS\SIDE-PROJECTS\CARKEYS\broombroom\wp-admin\post.php(12): require_once('D:\\PROJECTS\\SID...')
#5 {main}
  thrown in D:\PROJECTS\SIDE-PROJECTS\CARKEYS\broombroom\wp-content\themes\carkeys\functions.php on line 17

2023-03-19T07:30:46+00:00 CRITICAL Uncaught Error: Class 'ClassCustomBlocks' not found in D:\PROJECTS\SIDE-PROJECTS\CARKEYS\broombroom\wp-content\themes\carkeys\functions.php:17
Stack trace:
#0 D:\PROJECTS\SIDE-PROJECTS\CARKEYS\broombroom\wp-settings.php(585): include()
#1 D:\PROJECTS\SIDE-PROJECTS\CARKEYS\broombroom\wp-config.php(96): require_once('D:\\PROJECTS\\SID...')
#2 D:\PROJECTS\SIDE-PROJECTS\CARKEYS\broombroom\wp-load.php(50): require_once('D:\\PROJECTS\\SID...')
#3 D:\PROJECTS\SIDE-PROJECTS\CARKEYS\broombroom\wp-blog-header.php(13): require_once('D:\\PROJECTS\\SID...')
#4 D:\PROJECTS\SIDE-PROJECTS\CARKEYS\broombroom\index.php(17): require('D:\\PROJECTS\\SID...')
#5 {main}
  thrown in D:\PROJECTS\SIDE-PROJECTS\CARKEYS\broombroom\wp-content\themes\carkeys\functions.php on line 17

2023-03-19T07:48:01+00:00 CRITICAL Uncaught Error: Class 'CarkeysTheme\ClassCustomBlocks' not found in D:\PROJECTS\SIDE-PROJECTS\CARKEYS\broombroom\wp-content\themes\carkeys\functions.php:17
Stack trace:
#0 D:\PROJECTS\SIDE-PROJECTS\CARKEYS\broombroom\wp-settings.php(585): include()
#1 D:\PROJECTS\SIDE-PROJECTS\CARKEYS\broombroom\wp-config.php(96): require_once('D:\\PROJECTS\\SID...')
#2 D:\PROJECTS\SIDE-PROJECTS\CARKEYS\broombroom\wp-load.php(50): require_once('D:\\PROJECTS\\SID...')
#3 D:\PROJECTS\SIDE-PROJECTS\CARKEYS\broombroom\wp-admin\admin.php(34): require_once('D:\\PROJECTS\\SID...')
#4 D:\PROJECTS\SIDE-PROJECTS\CARKEYS\broombroom\wp-admin\post.php(12): require_once('D:\\PROJECTS\\SID...')
#5 {main}
  thrown in D:\PROJECTS\SIDE-PROJECTS\CARKEYS\broombroom\wp-content\themes\carkeys\functions.php on line 17

2023-03-19T07:48:01+00:00 CRITICAL Uncaught Error: Class 'CarkeysTheme\ClassCustomBlocks' not found in D:\PROJECTS\SIDE-PROJECTS\CARKEYS\broombroom\wp-content\themes\carkeys\functions.php:17
Stack trace:
#0 D:\PROJECTS\SIDE-PROJECTS\CARKEYS\broombroom\wp-settings.php(585): include()
#1 D:\PROJECTS\SIDE-PROJECTS\CARKEYS\broombroom\wp-config.php(96): require_once('D:\\PROJECTS\\SID...')
#2 D:\PROJECTS\SIDE-PROJECTS\CARKEYS\broombroom\wp-load.php(50): require_once('D:\\PROJECTS\\SID...')
#3 D:\PROJECTS\SIDE-PROJECTS\CARKEYS\broombroom\wp-admin\admin-ajax.php(22): require_once('D:\\PROJECTS\\SID...')
#4 {main}
  thrown in D:\PROJECTS\SIDE-PROJECTS\CARKEYS\broombroom\wp-content\themes\carkeys\functions.php on line 17

2023-03-19T07:48:01+00:00 CRITICAL Uncaught Error: Class 'CarkeysTheme\ClassCustomBlocks' not found in D:\PROJECTS\SIDE-PROJECTS\CARKEYS\broombroom\wp-content\themes\carkeys\functions.php:17
Stack trace:
#0 D:\PROJECTS\SIDE-PROJECTS\CARKEYS\broombroom\wp-settings.php(585): include()
#1 D:\PROJECTS\SIDE-PROJECTS\CARKEYS\broombroom\wp-config.php(96): require_once('D:\\PROJECTS\\SID...')
#2 D:\PROJECTS\SIDE-PROJECTS\CARKEYS\broombroom\wp-load.php(50): require_once('D:\\PROJECTS\\SID...')
#3 D:\PROJECTS\SIDE-PROJECTS\CARKEYS\broombroom\wp-blog-header.php(13): require_once('D:\\PROJECTS\\SID...')
#4 D:\PROJECTS\SIDE-PROJECTS\CARKEYS\broombroom\index.php(17): require('D:\\PROJECTS\\SID...')
#5 {main}
  thrown in D:\PROJECTS\SIDE-PROJECTS\CARKEYS\broombroom\wp-content\themes\carkeys\functions.php on line 17

2023-03-19T07:54:01+00:00 CRITICAL Uncaught Error: Call to undefined function carbon_get_post_meta() in D:\PROJECTS\SIDE-PROJECTS\CARKEYS\broombroom\wp-content\themes\carkeys\single.php:4
Stack trace:
#0 D:\PROJECTS\SIDE-PROJECTS\CARKEYS\broombroom\wp-includes\template-loader.php(106): include()
#1 D:\PROJECTS\SIDE-PROJECTS\CARKEYS\broombroom\wp-blog-header.php(19): require_once('D:\\PROJECTS\\SID...')
#2 D:\PROJECTS\SIDE-PROJECTS\CARKEYS\broombroom\index.php(17): require('D:\\PROJECTS\\SID...')
#3 {main}
  thrown in D:\PROJECTS\SIDE-PROJECTS\CARKEYS\broombroom\wp-content\themes\carkeys\single.php on line 4

2023-03-19T07:54:39+00:00 CRITICAL Uncaught Error: Call to undefined function carbon_get_post_meta() in D:\PROJECTS\SIDE-PROJECTS\CARKEYS\broombroom\wp-content\themes\carkeys\single.php:4
Stack trace:
#0 D:\PROJECTS\SIDE-PROJECTS\CARKEYS\broombroom\wp-includes\template-loader.php(106): include()
#1 D:\PROJECTS\SIDE-PROJECTS\CARKEYS\broombroom\wp-blog-header.php(19): require_once('D:\\PROJECTS\\SID...')
#2 D:\PROJECTS\SIDE-PROJECTS\CARKEYS\broombroom\index.php(17): require('D:\\PROJECTS\\SID...')
#3 {main}
  thrown in D:\PROJECTS\SIDE-PROJECTS\CARKEYS\broombroom\wp-content\themes\carkeys\single.php on line 4

2023-03-19T07:55:05+00:00 CRITICAL Uncaught Error: Call to undefined function carbon_get_post_meta() in D:\PROJECTS\SIDE-PROJECTS\CARKEYS\broombroom\wp-content\themes\carkeys\single.php:4
Stack trace:
#0 D:\PROJECTS\SIDE-PROJECTS\CARKEYS\broombroom\wp-includes\template-loader.php(106): include()
#1 D:\PROJECTS\SIDE-PROJECTS\CARKEYS\broombroom\wp-blog-header.php(19): require_once('D:\\PROJECTS\\SID...')
#2 D:\PROJECTS\SIDE-PROJECTS\CARKEYS\broombroom\index.php(17): require('D:\\PROJECTS\\SID...')
#3 {main}
  thrown in D:\PROJECTS\SIDE-PROJECTS\CARKEYS\broombroom\wp-content\themes\carkeys\single.php on line 4

2023-03-19T07:56:40+00:00 CRITICAL Uncaught Error: Call to undefined function carbon_get_post_meta() in D:\PROJECTS\SIDE-PROJECTS\CARKEYS\broombroom\wp-content\themes\carkeys\single.php:4
Stack trace:
#0 D:\PROJECTS\SIDE-PROJECTS\CARKEYS\broombroom\wp-includes\template-loader.php(106): include()
#1 D:\PROJECTS\SIDE-PROJECTS\CARKEYS\broombroom\wp-blog-header.php(19): require_once('D:\\PROJECTS\\SID...')
#2 D:\PROJECTS\SIDE-PROJECTS\CARKEYS\broombroom\index.php(17): require('D:\\PROJECTS\\SID...')
#3 {main}
  thrown in D:\PROJECTS\SIDE-PROJECTS\CARKEYS\broombroom\wp-content\themes\carkeys\single.php on line 4

2023-03-19T07:57:54+00:00 CRITICAL Uncaught Error: Undefined constant 'CarkeysTheme\Carbon_Fields\Block' in D:\PROJECTS\SIDE-PROJECTS\CARKEYS\broombroom\wp-content\themes\carkeys\inc\classes\ClassThemeCustomBlocks.php:15
Stack trace:
#0 D:\PROJECTS\SIDE-PROJECTS\CARKEYS\broombroom\wp-content\themes\carkeys\functions.php(17): CarkeysTheme\ClassThemeCustomBlocks->__construct()
#1 D:\PROJECTS\SIDE-PROJECTS\CARKEYS\broombroom\wp-settings.php(585): include('D:\\PROJECTS\\SID...')
#2 D:\PROJECTS\SIDE-PROJECTS\CARKEYS\broombroom\wp-config.php(96): require_once('D:\\PROJECTS\\SID...')
#3 D:\PROJECTS\SIDE-PROJECTS\CARKEYS\broombroom\wp-load.php(50): require_once('D:\\PROJECTS\\SID...')
#4 D:\PROJECTS\SIDE-PROJECTS\CARKEYS\broombroom\wp-blog-header.php(13): require_once('D:\\PROJECTS\\SID...')
#5 D:\PROJECTS\SIDE-PROJECTS\CARKEYS\broombroom\index.php(17): require('D:\\PROJECTS\\SID...')
#6 {main}
  thrown in D:\PROJECTS\SIDE-PROJECTS\CARKEYS\broombroom\wp-content\themes\carkeys\inc\classes\ClassThemeCustomBlocks.php on line 15

2023-03-19T07:58:02+00:00 CRITICAL Uncaught Error: Undefined constant 'CarkeysTheme\Carbon_Fields\Block' in D:\PROJECTS\SIDE-PROJECTS\CARKEYS\broombroom\wp-content\themes\carkeys\inc\classes\ClassThemeCustomBlocks.php:15
Stack trace:
#0 D:\PROJECTS\SIDE-PROJECTS\CARKEYS\broombroom\wp-content\themes\carkeys\functions.php(17): CarkeysTheme\ClassThemeCustomBlocks->__construct()
#1 D:\PROJECTS\SIDE-PROJECTS\CARKEYS\broombroom\wp-settings.php(585): include('D:\\PROJECTS\\SID...')
#2 D:\PROJECTS\SIDE-PROJECTS\CARKEYS\broombroom\wp-config.php(96): require_once('D:\\PROJECTS\\SID...')
#3 D:\PROJECTS\SIDE-PROJECTS\CARKEYS\broombroom\wp-load.php(50): require_once('D:\\PROJECTS\\SID...')
#4 D:\PROJECTS\SIDE-PROJECTS\CARKEYS\broombroom\wp-admin\admin.php(34): require_once('D:\\PROJECTS\\SID...')
#5 D:\PROJECTS\SIDE-PROJECTS\CARKEYS\broombroom\wp-admin\post.php(12): require_once('D:\\PROJECTS\\SID...')
#6 {main}
  thrown in D:\PROJECTS\SIDE-PROJECTS\CARKEYS\broombroom\wp-content\themes\carkeys\inc\classes\ClassThemeCustomBlocks.php on line 15

2023-03-19T07:58:02+00:00 CRITICAL Uncaught Error: Undefined constant 'CarkeysTheme\Carbon_Fields\Block' in D:\PROJECTS\SIDE-PROJECTS\CARKEYS\broombroom\wp-content\themes\carkeys\inc\classes\ClassThemeCustomBlocks.php:15
Stack trace:
#0 D:\PROJECTS\SIDE-PROJECTS\CARKEYS\broombroom\wp-content\themes\carkeys\functions.php(17): CarkeysTheme\ClassThemeCustomBlocks->__construct()
#1 D:\PROJECTS\SIDE-PROJECTS\CARKEYS\broombroom\wp-settings.php(585): include('D:\\PROJECTS\\SID...')
#2 D:\PROJECTS\SIDE-PROJECTS\CARKEYS\broombroom\wp-config.php(96): require_once('D:\\PROJECTS\\SID...')
#3 D:\PROJECTS\SIDE-PROJECTS\CARKEYS\broombroom\wp-load.php(50): require_once('D:\\PROJECTS\\SID...')
#4 D:\PROJECTS\SIDE-PROJECTS\CARKEYS\broombroom\wp-admin\admin-ajax.php(22): require_once('D:\\PROJECTS\\SID...')
#5 {main}
  thrown in D:\PROJECTS\SIDE-PROJECTS\CARKEYS\broombroom\wp-content\themes\carkeys\inc\classes\ClassThemeCustomBlocks.php on line 15

2023-03-19T07:58:03+00:00 CRITICAL Uncaught Error: Undefined constant 'CarkeysTheme\Carbon_Fields\Block' in D:\PROJECTS\SIDE-PROJECTS\CARKEYS\broombroom\wp-content\themes\carkeys\inc\classes\ClassThemeCustomBlocks.php:15
Stack trace:
#0 D:\PROJECTS\SIDE-PROJECTS\CARKEYS\broombroom\wp-content\themes\carkeys\functions.php(17): CarkeysTheme\ClassThemeCustomBlocks->__construct()
#1 D:\PROJECTS\SIDE-PROJECTS\CARKEYS\broombroom\wp-settings.php(585): include('D:\\PROJECTS\\SID...')
#2 D:\PROJECTS\SIDE-PROJECTS\CARKEYS\broombroom\wp-config.php(96): require_once('D:\\PROJECTS\\SID...')
#3 D:\PROJECTS\SIDE-PROJECTS\CARKEYS\broombroom\wp-load.php(50): require_once('D:\\PROJECTS\\SID...')
#4 D:\PROJECTS\SIDE-PROJECTS\CARKEYS\broombroom\wp-blog-header.php(13): require_once('D:\\PROJECTS\\SID...')
#5 D:\PROJECTS\SIDE-PROJECTS\CARKEYS\broombroom\index.php(17): require('D:\\PROJECTS\\SID...')
#6 {main}
  thrown in D:\PROJECTS\SIDE-PROJECTS\CARKEYS\broombroom\wp-content\themes\carkeys\inc\classes\ClassThemeCustomBlocks.php on line 15

2023-03-19T07:58:26+00:00 CRITICAL Uncaught Error: Undefined constant 'CarkeysTheme\Carbon_Fields\Block' in D:\PROJECTS\SIDE-PROJECTS\CARKEYS\broombroom\wp-content\themes\carkeys\inc\classes\ClassThemeCustomBlocks.php:15
Stack trace:
#0 D:\PROJECTS\SIDE-PROJECTS\CARKEYS\broombroom\wp-content\themes\carkeys\functions.php(17): CarkeysTheme\ClassThemeCustomBlocks->__construct()
#1 D:\PROJECTS\SIDE-PROJECTS\CARKEYS\broombroom\wp-settings.php(585): include('D:\\PROJECTS\\SID...')
#2 D:\PROJECTS\SIDE-PROJECTS\CARKEYS\broombroom\wp-config.php(96): require_once('D:\\PROJECTS\\SID...')
#3 D:\PROJECTS\SIDE-PROJECTS\CARKEYS\broombroom\wp-load.php(50): require_once('D:\\PROJECTS\\SID...')
#4 D:\PROJECTS\SIDE-PROJECTS\CARKEYS\broombroom\wp-admin\admin.php(34): require_once('D:\\PROJECTS\\SID...')
#5 D:\PROJECTS\SIDE-PROJECTS\CARKEYS\broombroom\wp-admin\post.php(12): require_once('D:\\PROJECTS\\SID...')
#6 {main}
  thrown in D:\PROJECTS\SIDE-PROJECTS\CARKEYS\broombroom\wp-content\themes\carkeys\inc\classes\ClassThemeCustomBlocks.php on line 15

2023-03-19T07:58:27+00:00 CRITICAL Uncaught Error: Undefined constant 'CarkeysTheme\Carbon_Fields\Block' in D:\PROJECTS\SIDE-PROJECTS\CARKEYS\broombroom\wp-content\themes\carkeys\inc\classes\ClassThemeCustomBlocks.php:15
Stack trace:
#0 D:\PROJECTS\SIDE-PROJECTS\CARKEYS\broombroom\wp-content\themes\carkeys\functions.php(17): CarkeysTheme\ClassThemeCustomBlocks->__construct()
#1 D:\PROJECTS\SIDE-PROJECTS\CARKEYS\broombroom\wp-settings.php(585): include('D:\\PROJECTS\\SID...')
#2 D:\PROJECTS\SIDE-PROJECTS\CARKEYS\broombroom\wp-config.php(96): require_once('D:\\PROJECTS\\SID...')
#3 D:\PROJECTS\SIDE-PROJECTS\CARKEYS\broombroom\wp-load.php(50): require_once('D:\\PROJECTS\\SID...')
#4 D:\PROJECTS\SIDE-PROJECTS\CARKEYS\broombroom\wp-blog-header.php(13): require_once('D:\\PROJECTS\\SID...')
#5 D:\PROJECTS\SIDE-PROJECTS\CARKEYS\broombroom\index.php(17): require('D:\\PROJECTS\\SID...')
#6 {main}
  thrown in D:\PROJECTS\SIDE-PROJECTS\CARKEYS\broombroom\wp-content\themes\carkeys\inc\classes\ClassThemeCustomBlocks.php on line 15

2023-03-19T07:58:41+00:00 CRITICAL Uncaught Error: Undefined constant 'CarkeysTheme\Carbon_Fields\Block' in D:\PROJECTS\SIDE-PROJECTS\CARKEYS\broombroom\wp-content\themes\carkeys\inc\classes\ClassThemeCustomBlocks.php:15
Stack trace:
#0 D:\PROJECTS\SIDE-PROJECTS\CARKEYS\broombroom\wp-content\themes\carkeys\functions.php(17): CarkeysTheme\ClassThemeCustomBlocks->__construct()
#1 D:\PROJECTS\SIDE-PROJECTS\CARKEYS\broombroom\wp-settings.php(585): include('D:\\PROJECTS\\SID...')
#2 D:\PROJECTS\SIDE-PROJECTS\CARKEYS\broombroom\wp-config.php(96): require_once('D:\\PROJECTS\\SID...')
#3 D:\PROJECTS\SIDE-PROJECTS\CARKEYS\broombroom\wp-load.php(50): require_once('D:\\PROJECTS\\SID...')
#4 D:\PROJECTS\SIDE-PROJECTS\CARKEYS\broombroom\wp-admin\admin-ajax.php(22): require_once('D:\\PROJECTS\\SID...')
#5 {main}
  thrown in D:\PROJECTS\SIDE-PROJECTS\CARKEYS\broombroom\wp-content\themes\carkeys\inc\classes\ClassThemeCustomBlocks.php on line 15

2023-03-19T08:00:39+00:00 CRITICAL Uncaught Error: Class 'CarkeysTheme\ClassThemeCustomBlocks' not found in D:\PROJECTS\SIDE-PROJECTS\CARKEYS\broombroom\wp-content\themes\carkeys\functions.php:17
Stack trace:
#0 D:\PROJECTS\SIDE-PROJECTS\CARKEYS\broombroom\wp-settings.php(585): include()
#1 D:\PROJECTS\SIDE-PROJECTS\CARKEYS\broombroom\wp-config.php(96): require_once('D:\\PROJECTS\\SID...')
#2 D:\PROJECTS\SIDE-PROJECTS\CARKEYS\broombroom\wp-load.php(50): require_once('D:\\PROJECTS\\SID...')
#3 D:\PROJECTS\SIDE-PROJECTS\CARKEYS\broombroom\wp-admin\admin.php(34): require_once('D:\\PROJECTS\\SID...')
#4 D:\PROJECTS\SIDE-PROJECTS\CARKEYS\broombroom\wp-admin\post.php(12): require_once('D:\\PROJECTS\\SID...')
#5 {main}
  thrown in D:\PROJECTS\SIDE-PROJECTS\CARKEYS\broombroom\wp-content\themes\carkeys\functions.php on line 17

2023-03-19T08:00:39+00:00 CRITICAL Uncaught Error: Class 'CarkeysTheme\ClassThemeCustomBlocks' not found in D:\PROJECTS\SIDE-PROJECTS\CARKEYS\broombroom\wp-content\themes\carkeys\functions.php:17
Stack trace:
#0 D:\PROJECTS\SIDE-PROJECTS\CARKEYS\broombroom\wp-settings.php(585): include()
#1 D:\PROJECTS\SIDE-PROJECTS\CARKEYS\broombroom\wp-config.php(96): require_once('D:\\PROJECTS\\SID...')
#2 D:\PROJECTS\SIDE-PROJECTS\CARKEYS\broombroom\wp-load.php(50): require_once('D:\\PROJECTS\\SID...')
#3 D:\PROJECTS\SIDE-PROJECTS\CARKEYS\broombroom\wp-admin\admin-ajax.php(22): require_once('D:\\PROJECTS\\SID...')
#4 {main}
  thrown in D:\PROJECTS\SIDE-PROJECTS\CARKEYS\broombroom\wp-content\themes\carkeys\functions.php on line 17

2023-03-19T08:00:39+00:00 CRITICAL Uncaught Error: Class 'CarkeysTheme\ClassThemeCustomBlocks' not found in D:\PROJECTS\SIDE-PROJECTS\CARKEYS\broombroom\wp-content\themes\carkeys\functions.php:17
Stack trace:
#0 D:\PROJECTS\SIDE-PROJECTS\CARKEYS\broombroom\wp-settings.php(585): include()
#1 D:\PROJECTS\SIDE-PROJECTS\CARKEYS\broombroom\wp-config.php(96): require_once('D:\\PROJECTS\\SID...')
#2 D:\PROJECTS\SIDE-PROJECTS\CARKEYS\broombroom\wp-load.php(50): require_once('D:\\PROJECTS\\SID...')
#3 D:\PROJECTS\SIDE-PROJECTS\CARKEYS\broombroom\wp-blog-header.php(13): require_once('D:\\PROJECTS\\SID...')
#4 D:\PROJECTS\SIDE-PROJECTS\CARKEYS\broombroom\index.php(17): require('D:\\PROJECTS\\SID...')
#5 {main}
  thrown in D:\PROJECTS\SIDE-PROJECTS\CARKEYS\broombroom\wp-content\themes\carkeys\functions.php on line 17

2023-03-19T08:14:39+00:00 CRITICAL syntax error, unexpected 'wp_dropdown_categories' (T_STRING), expecting ';' or ',' in D:\PROJECTS\SIDE-PROJECTS\CARKEYS\broombroom\wp-content\themes\carkeys\inc\classes\ClassShortCodes.php on line 139

2023-03-19T10:05:05+00:00 CRITICAL Uncaught Exception: 'render_callback' must be a callable. in D:\PROJECTS\SIDE-PROJECTS\CARKEYS\broombroom\wp-content\themes\carkeys\vendor\htmlburger\carbon-fields\core\Container\Block_Container.php:476
Stack trace:
#0 D:\PROJECTS\SIDE-PROJECTS\CARKEYS\broombroom\wp-content\themes\carkeys\vendor\htmlburger\carbon-fields\core\Container\Block_Container.php(127): Carbon_Fields\Container\Block_Container->register_block()
#1 [internal function]: Carbon_Fields\Container\Block_Container->attach('')
#2 D:\PROJECTS\SIDE-PROJECTS\CARKEYS\broombroom\wp-content\themes\carkeys\vendor\htmlburger\carbon-fields\core\Container\Container.php(384): call_user_func_array(Array, Array)
#3 D:\PROJECTS\SIDE-PROJECTS\CARKEYS\broombroom\wp-includes\class-wp-hook.php(308): Carbon_Fields\Container\Container->_attach('')
#4 D:\PROJECTS\SIDE-PROJECTS\CARKEYS\broombroom\wp-includes\class-wp-hook.php(332): WP_Hook->apply_filters(NULL, Array)
#5 D:\PROJECTS\SIDE-PROJECTS\CARKEYS\broombroom\wp-includes\plugin.php(517): WP_Hook->do_action(Arra in D:\PROJECTS\SIDE-PROJECTS\CARKEYS\broombroom\wp-content\themes\carkeys\vendor\htmlburger\carbon-fields\core\Container\Block_Container.php on line 476

2023-03-19T10:12:50+00:00 CRITICAL syntax error, unexpected 'require' (T_REQUIRE) in D:\PROJECTS\SIDE-PROJECTS\CARKEYS\broombroom\wp-content\themes\carkeys\inc\classes\ClassThemeCustomBlocks.php on line 102

2023-03-19T10:14:51+00:00 CRITICAL syntax error, unexpected 'require' (T_REQUIRE) in D:\PROJECTS\SIDE-PROJECTS\CARKEYS\broombroom\wp-content\themes\carkeys\inc\classes\ClassThemeCustomBlocks.php on line 105

2023-03-19T10:15:33+00:00 CRITICAL syntax error, unexpected 'require' (T_REQUIRE) in D:\PROJECTS\SIDE-PROJECTS\CARKEYS\broombroom\wp-content\themes\carkeys\inc\classes\ClassThemeCustomBlocks.php on line 105

2023-03-19T10:15:50+00:00 CRITICAL syntax error, unexpected 'require' (T_REQUIRE) in D:\PROJECTS\SIDE-PROJECTS\CARKEYS\broombroom\wp-content\themes\carkeys\inc\classes\ClassThemeCustomBlocks.php on line 105

2023-03-19T10:15:51+00:00 CRITICAL syntax error, unexpected 'require' (T_REQUIRE) in D:\PROJECTS\SIDE-PROJECTS\CARKEYS\broombroom\wp-content\themes\carkeys\inc\classes\ClassThemeCustomBlocks.php on line 105

2023-03-19T10:16:08+00:00 CRITICAL syntax error, unexpected 'require' (T_REQUIRE) in D:\PROJECTS\SIDE-PROJECTS\CARKEYS\broombroom\wp-content\themes\carkeys\inc\classes\ClassThemeCustomBlocks.php on line 105

2023-03-19T10:16:24+00:00 CRITICAL require(): Failed opening required 'THEME_ABS/templates/blocks/hero.php' (include_path='.;C:\php\pear') in D:\PROJECTS\SIDE-PROJECTS\CARKEYS\broombroom\wp-content\themes\carkeys\inc\classes\ClassThemeCustomBlocks.php on line 105

2023-03-19T10:16:34+00:00 CRITICAL require(): Failed opening required 'THEME_ABS/templates/blocks/hero.php' (include_path='.;C:\php\pear') in D:\PROJECTS\SIDE-PROJECTS\CARKEYS\broombroom\wp-content\themes\carkeys\inc\classes\ClassThemeCustomBlocks.php on line 105

2023-03-19T10:16:40+00:00 CRITICAL require(): Failed opening required 'THEME_ABS/templates/blocks/hero.php' (include_path='.;C:\php\pear') in D:\PROJECTS\SIDE-PROJECTS\CARKEYS\broombroom\wp-content\themes\carkeys\inc\classes\ClassThemeCustomBlocks.php on line 105

2023-03-19T13:08:21+00:00 CRITICAL syntax error, unexpected 'echo' (T_ECHO) in D:\PROJECTS\SIDE-PROJECTS\CARKEYS\broombroom\wp-content\themes\carkeys\inc\classes\ClassThemeCustomBlocks.php on line 128

2023-03-19T13:10:22+00:00 CRITICAL syntax error, unexpected 'echo' (T_ECHO) in D:\PROJECTS\SIDE-PROJECTS\CARKEYS\broombroom\wp-content\themes\carkeys\inc\classes\ClassThemeCustomBlocks.php on line 128

2023-03-19T13:12:23+00:00 CRITICAL syntax error, unexpected 'echo' (T_ECHO) in D:\PROJECTS\SIDE-PROJECTS\CARKEYS\broombroom\wp-content\themes\carkeys\inc\classes\ClassThemeCustomBlocks.php on line 128

2023-03-19T13:14:24+00:00 CRITICAL syntax error, unexpected 'echo' (T_ECHO) in D:\PROJECTS\SIDE-PROJECTS\CARKEYS\broombroom\wp-content\themes\carkeys\inc\classes\ClassThemeCustomBlocks.php on line 128

2023-03-19T14:24:01+00:00 CRITICAL syntax error, unexpected 'endif' (T_ENDIF), expecting end of file in D:\PROJECTS\SIDE-PROJECTS\CARKEYS\broombroom\wp-content\themes\carkeys\single.php on line 22

2023-03-19T15:04:09+00:00 CRITICAL Uncaught Error: Call to undefined function abss_custom_read_more_text() in D:\PROJECTS\SIDE-PROJECTS\CARKEYS\broombroom\wp-content\themes\carkeys\templates\partials\content-summary.php:66
Stack trace:
#0 D:\PROJECTS\SIDE-PROJECTS\CARKEYS\broombroom\wp-includes\template.php(785): require()
#1 D:\PROJECTS\SIDE-PROJECTS\CARKEYS\broombroom\wp-includes\template.php(718): load_template('D:\\PROJECTS\\SID...', false, Array)
#2 D:\PROJECTS\SIDE-PROJECTS\CARKEYS\broombroom\wp-includes\general-template.php(204): locate_template(Array, true, false, Array)
#3 D:\PROJECTS\SIDE-PROJECTS\CARKEYS\broombroom\wp-content\themes\carkeys\search.php(22): get_template_part('templates/parti...', 'summary', Array)
#4 D:\PROJECTS\SIDE-PROJECTS\CARKEYS\broombroom\wp-includes\template-loader.php(106): include('D:\\PROJECTS\\SID...')
#5 D:\PROJECTS\SIDE-PROJECTS\CARKEYS\broombroom\wp-blog-header.php(19): require_once('D:\\PROJECTS\\SID...')
#6 D:\PROJECTS\SIDE-PROJECTS\CARKEYS\broombroom\index.php(17): require('D:\\PROJECTS\\SID...')
#7  in D:\PROJECTS\SIDE-PROJECTS\CARKEYS\broombroom\wp-content\themes\carkeys\templates\partials\content-summary.php on line 66

2023-03-19T15:04:20+00:00 CRITICAL Uncaught Error: Call to undefined function abss_custom_read_more_text() in D:\PROJECTS\SIDE-PROJECTS\CARKEYS\broombroom\wp-content\themes\carkeys\templates\partials\content-summary.php:66
Stack trace:
#0 D:\PROJECTS\SIDE-PROJECTS\CARKEYS\broombroom\wp-includes\template.php(785): require()
#1 D:\PROJECTS\SIDE-PROJECTS\CARKEYS\broombroom\wp-includes\template.php(718): load_template('D:\\PROJECTS\\SID...', false, Array)
#2 D:\PROJECTS\SIDE-PROJECTS\CARKEYS\broombroom\wp-includes\general-template.php(204): locate_template(Array, true, false, Array)
#3 D:\PROJECTS\SIDE-PROJECTS\CARKEYS\broombroom\wp-content\themes\carkeys\search.php(22): get_template_part('templates/parti...', 'summary', Array)
#4 D:\PROJECTS\SIDE-PROJECTS\CARKEYS\broombroom\wp-includes\template-loader.php(106): include('D:\\PROJECTS\\SID...')
#5 D:\PROJECTS\SIDE-PROJECTS\CARKEYS\broombroom\wp-blog-header.php(19): require_once('D:\\PROJECTS\\SID...')
#6 D:\PROJECTS\SIDE-PROJECTS\CARKEYS\broombroom\index.php(17): require('D:\\PROJECTS\\SID...')
#7  in D:\PROJECTS\SIDE-PROJECTS\CARKEYS\broombroom\wp-content\themes\carkeys\templates\partials\content-summary.php on line 66

2023-03-19T15:05:56+00:00 CRITICAL Uncaught Error: Call to undefined function abss_custom_read_more_text() in D:\PROJECTS\SIDE-PROJECTS\CARKEYS\broombroom\wp-content\themes\carkeys\templates\partials\content-summary.php:66
Stack trace:
#0 D:\PROJECTS\SIDE-PROJECTS\CARKEYS\broombroom\wp-includes\template.php(785): require()
#1 D:\PROJECTS\SIDE-PROJECTS\CARKEYS\broombroom\wp-includes\template.php(718): load_template('D:\\PROJECTS\\SID...', false, Array)
#2 D:\PROJECTS\SIDE-PROJECTS\CARKEYS\broombroom\wp-includes\general-template.php(204): locate_template(Array, true, false, Array)
#3 D:\PROJECTS\SIDE-PROJECTS\CARKEYS\broombroom\wp-content\themes\carkeys\search.php(18): get_template_part('templates/parti...', 'summary', Array)
#4 D:\PROJECTS\SIDE-PROJECTS\CARKEYS\broombroom\wp-includes\template-loader.php(106): include('D:\\PROJECTS\\SID...')
#5 D:\PROJECTS\SIDE-PROJECTS\CARKEYS\broombroom\wp-blog-header.php(19): require_once('D:\\PROJECTS\\SID...')
#6 D:\PROJECTS\SIDE-PROJECTS\CARKEYS\broombroom\index.php(17): require('D:\\PROJECTS\\SID...')
#7  in D:\PROJECTS\SIDE-PROJECTS\CARKEYS\broombroom\wp-content\themes\carkeys\templates\partials\content-summary.php on line 66

